app/build/intermediates/manifest_merge_blame_file/debug/manifest-merger-blame-debug-report.txt
1<?xml version="1.0" encoding="utf-8"?>
2<manifest xmlns:android="http://schemas.android.com/apk/res/android"
3    package="com.d.sabiidfinal"
4    android:versionCode="1"
5    android:versionName="1.0" >
6
7    <uses-sdk
8        android:minSdkVersion="15"
8-->src\main\AndroidManifest.xml
9        android:targetSdkVersion="29" />
9-->src\main\AndroidManifest.xml
10
11    <application
11-->src\main\AndroidManifest.xml:5:5-28:19
12        android:allowBackup="true"
12-->src\main\AndroidManifest.xml:6:9-35
13        android:appComponentFactory="androidx.core.app.CoreComponentFactory"
13-->[androidx.core:core:1.1.0] AndroidManifest.xml:24:18-86
14        android:debuggable="true"
15        android:icon="@mipmap/ic_launcher"
15-->src\main\AndroidManifest.xml:7:9-43
16        android:label="@string/app_name"
16-->src\main\AndroidManifest.xml:8:9-41
17        android:roundIcon="@mipmap/ic_launcher_round"
17-->src\main\AndroidManifest.xml:9:9-54
18        android:supportsRtl="true"
18-->src\main\AndroidManifest.xml:10:9-35
19        android:theme="@style/AppTheme" >
19-->src\main\AndroidManifest.xml:11:9-40
20        <activity android:name="com.d.sabiidfinal.CheckoutAct" />
20-->src\main\AndroidManifest.xml:12:9-58
20-->src\main\AndroidManifest.xml:12:19-46
21        <activity android:name="com.d.sabiidfinal.PengaturanLainAct" />
21-->src\main\AndroidManifest.xml:13:9-55
21-->src\main\AndroidManifest.xml:13:19-52
22        <activity android:name="com.d.sabiidfinal.KategoriLainAct" />
22-->src\main\AndroidManifest.xml:14:9-53
22-->src\main\AndroidManifest.xml:14:19-50
23        <activity android:name="com.d.sabiidfinal.BuyAct" />
23-->src\main\AndroidManifest.xml:15:9-44
23-->src\main\AndroidManifest.xml:15:19-41
24        <activity android:name="com.d.sabiidfinal.FreeAct" />
24-->src\main\AndroidManifest.xml:16:9-45
24-->src\main\AndroidManifest.xml:16:19-42
25        <activity android:name="com.d.sabiidfinal.NotificationAct" />
25-->src\main\AndroidManifest.xml:17:9-53
25-->src\main\AndroidManifest.xml:17:19-50
26        <activity android:name="com.d.sabiidfinal.MainActivity" />
26-->src\main\AndroidManifest.xml:18:9-50
26-->src\main\AndroidManifest.xml:18:19-47
27        <activity android:name="com.d.sabiidfinal.SplashAct" >
27-->src\main\AndroidManifest.xml:19:9-25:20
27-->src\main\AndroidManifest.xml:19:19-44
28            <intent-filter>
28-->src\main\AndroidManifest.xml:20:13-24:29
29                <action android:name="android.intent.action.MAIN" />
29-->src\main\AndroidManifest.xml:21:17-69
29-->src\main\AndroidManifest.xml:21:25-66
30
31                <category android:name="android.intent.category.LAUNCHER" />
31-->src\main\AndroidManifest.xml:23:17-77
31-->src\main\AndroidManifest.xml:23:27-74
32            </intent-filter>
33        </activity>
34        <activity android:name="com.d.sabiidfinal.LoginAct" />
34-->src\main\AndroidManifest.xml:26:9-46
34-->src\main\AndroidManifest.xml:26:19-43
35        <activity android:name="com.d.sabiidfinal.RegisterAct" />
35-->src\main\AndroidManifest.xml:27:9-49
35-->src\main\AndroidManifest.xml:27:19-46
36
37        <provider
37-->[com.squareup.picasso:picasso:2.71828] AndroidManifest.xml:8:9-11:40
38            android:name="com.squareup.picasso.PicassoProvider"
38-->[com.squareup.picasso:picasso:2.71828] AndroidManifest.xml:9:13-64
39            android:authorities="com.d.sabiidfinal.com.squareup.picasso"
39-->[com.squareup.picasso:picasso:2.71828] AndroidManifest.xml:10:13-72
40            android:exported="false" />
40-->[com.squareup.picasso:picasso:2.71828] AndroidManifest.xml:11:13-37
41    </application>
42
43</manifest>